<!DOCTYPE html PUBLIC "-//W3C//DTD XHTML 1.1//EN" "http://www.w3.org/TR/xhtml11/DTD/xhtml11.dtd">
<html xmlns="http://www.w3.org/1999/xhtml"><head><title>TestNG Report</title><style type="text/css">table {margin-bottom:10px;border-collapse:collapse;empty-cells:show}th,td {border:1px solid #009;padding:.25em .5em}th {vertical-align:bottom}td {vertical-align:top}table a {font-weight:bold}.stripe td {background-color: #E6EBF9}.num {text-align:right}.passedodd td {background-color: #3F3}.passedeven td {background-color: #0A0}.skippedodd td {background-color: #DDD}.skippedeven td {background-color: #CCC}.failedodd td,.attn {background-color: #F33}.failedeven td,.stripe .attn {background-color: #D00}.stacktrace {white-space:pre;font-family:monospace}.totop {font-size:85%;text-align:center;border-bottom:2px solid #000}</style></head><body><table><tr><th>Test</th><th># Passed</th><th># Skipped</th><th># Failed</th><th>Time (ms)</th><th>Included Groups</th><th>Excluded Groups</th></tr><tr><th colspan="7">Command line suite</th></tr><tr><td><a href="#t0">Command line test</a></td><td class="num">11</td><td class="num attn">2</td><td class="num">0</td><td class="num">1,085,938</td><td></td><td></td></tr></table><table id='summary'><thead><tr><th>Class</th><th>Method</th><th>Start</th><th>Time (ms)</th></tr></thead><tbody><tr><th colspan="4">Command line suite</th></tr></tbody><tbody id="t0"><tr><th colspan="4">Command line test &#8212; failed (configuration methods)</th></tr><tr class="failedeven"><td rowspan="1">com.amazone1.qa.testcases.HomePageTest</td><td><a href="#m0">setUp</a></td><td rowspan="1">1625063458136</td><td rowspan="1">603327</td></tr><tr><th colspan="4">Command line test &#8212; skipped (configuration methods)</th></tr><tr class="skippedeven"><td rowspan="1">com.amazone1.qa.testcases.HomePageTest</td><td><a href="#m1">setUp</a></td><td rowspan="1">1625064231120</td><td rowspan="1">0</td></tr><tr><th colspan="4">Command line test &#8212; skipped</th></tr><tr class="skippedeven"><td rowspan="2">com.amazone1.qa.testcases.HomePageTest</td><td><a href="#m2">PageTitleVerification</a></td><td rowspan="1">1625064061468</td><td rowspan="1">1</td></tr><tr class="skippedeven"><td><a href="#m3">loginClick</a></td><td rowspan="1">1625064231120</td><td rowspan="1">0</td></tr><tr><th colspan="4">Command line test &#8212; passed</th></tr><tr class="passedeven"><td rowspan="2">com.amazone1.qa.testcases.LoginPageTest</td><td><a href="#m4">PageTitleVerification</a></td><td rowspan="1">1625064083600</td><td rowspan="1">105</td></tr><tr class="passedeven"><td><a href="#m5">loginProcess</a></td><td rowspan="1">1625064248110</td><td rowspan="1">6220</td></tr><tr class="passedodd"><td rowspan="2">com.amazone1.qa.testcases.PaymentPageTest</td><td><a href="#m6">paymentProcess</a></td><td rowspan="1">1625064303851</td><td rowspan="1">16656</td></tr><tr class="passedodd"><td><a href="#m7">verifyHeadingTest</a></td><td rowspan="1">1625064142143</td><td rowspan="1">10079</td></tr><tr class="passedeven"><td rowspan="4">com.amazone1.qa.testcases.ProductPageTest</td><td><a href="#m8">productNameVerification</a></td><td rowspan="1">1625064359851</td><td rowspan="1">9936</td></tr><tr class="passedeven"><td><a href="#m9">productPriceVerification</a></td><td rowspan="1">1625064438635</td><td rowspan="1">23</td></tr><tr class="passedeven"><td><a href="#m10">purchasingProduct</a></td><td rowspan="1">1625064526589</td><td rowspan="1">16016</td></tr><tr class="passedeven"><td><a href="#m11">userNameVerification</a></td><td rowspan="1">1625064192919</td><td rowspan="1">10842</td></tr><tr class="passedodd"><td rowspan="3">com.amazone1.qa.testcases.SearchPageTest</td><td><a href="#m12">searchItem</a></td><td rowspan="1">1625064460387</td><td rowspan="1">25119</td></tr><tr class="passedodd"><td><a href="#m13">veifyUserName</a></td><td rowspan="1">1625064391720</td><td rowspan="1">5085</td></tr><tr class="passedodd"><td><a href="#m14">verifyPageTitle</a></td><td rowspan="1">1625064227176</td><td rowspan="1">3279</td></tr></tbody></table><h2>Command line test</h2><h3 id="m0">com.amazone1.qa.testcases.HomePageTest#setUp</h3><table class="result"><tr><th>Exception</th></tr><tr><td><div class="stacktrace">org.openqa.selenium.SessionNotCreatedException: session not created
from timeout: Timed out receiving message from renderer: 600.000
  (Session info: chrome=91.0.4472.124)
Build info: version: &apos;3.141.59&apos;, revision: &apos;e82be7d358&apos;, time: &apos;2018-11-14T08:17:03&apos;
System info: host: &apos;DESKTOP-AAFC7NS&apos;, ip: &apos;192.168.1.15&apos;, os.name: &apos;Windows 10&apos;, os.arch: &apos;amd64&apos;, os.version: &apos;10.0&apos;, java.version: &apos;1.8.0_291&apos;
Driver info: driver.version: ChromeDriver
remote stacktrace: Backtrace:
	Ordinal0 [0x007D2DB3+2502067]
	Ordinal0 [0x0076C5B1+2082225]
	Ordinal0 [0x00672498+1057944]
	Ordinal0 [0x00664D2F+1002799]
	Ordinal0 [0x00663D69+998761]
	Ordinal0 [0x00664026+999462]
	Ordinal0 [0x00663915+997653]
	Ordinal0 [0x0066A54D+1025357]
	Ordinal0 [0x006638D1+997585]
	Ordinal0 [0x006647F6+1001462]
	Ordinal0 [0x00663D69+998761]
	Ordinal0 [0x00664026+999462]
	Ordinal0 [0x00663915+997653]
	Ordinal0 [0x0066977C+1021820]
	Ordinal0 [0x006638D1+997585]
	Ordinal0 [0x006647F6+1001462]
	Ordinal0 [0x00663D69+998761]
	Ordinal0 [0x00664026+999462]
	Ordinal0 [0x00663915+997653]
	Ordinal0 [0x0065F42D+980013]
	Ordinal0 [0x006638D1+997585]
	Ordinal0 [0x00663670+996976]
	Ordinal0 [0x00663409+996361]
	Ordinal0 [0x006736A0+1062560]
	Ordinal0 [0x006BAA59+1354329]
	Ordinal0 [0x006B967A+1349242]
	Ordinal0 [0x006B5BEB+1334251]
	Ordinal0 [0x00692174+1188212]
	Ordinal0 [0x00693009+1191945]
	GetHandleVerifier [0x0094EC5C+1511084]
	GetHandleVerifier [0x009F8522+2205554]
	GetHandleVerifier [0x00853393+480739]
	GetHandleVerifier [0x00852579+477129]
	Ordinal0 [0x00771E5D+2104925]
	Ordinal0 [0x007763F8+2122744]
	Ordinal0 [0x00776537+2123063]
	Ordinal0 [0x0077EE53+2158163]
	BaseThreadInitThunk [0x76DFFA29+25]
	RtlGetAppContainerNamedObjectPath [0x77907A9E+286]
	RtlGetAppContainerNamedObjectPath [0x77907A6E+238]

	at org.openqa.selenium.remote.W3CHandshakeResponse.lambda$errorHandler$0(W3CHandshakeResponse.java:62)
	at org.openqa.selenium.remote.HandshakeResponse.lambda$getResponseFunction$0(HandshakeResponse.java:30)
	at org.openqa.selenium.remote.ProtocolHandshake.lambda$createSession$0(ProtocolHandshake.java:126)
	at java.util.stream.ReferencePipeline$3$1.accept(ReferencePipeline.java:193)
	at java.util.Spliterators$ArraySpliterator.tryAdvance(Spliterators.java:958)
	at java.util.stream.ReferencePipeline.forEachWithCancel(ReferencePipeline.java:126)
	at java.util.stream.AbstractPipeline.copyIntoWithCancel(AbstractPipeline.java:499)
	at java.util.stream.AbstractPipeline.copyInto(AbstractPipeline.java:486)
	at java.util.stream.AbstractPipeline.wrapAndCopyInto(AbstractPipeline.java:472)
	at java.util.stream.FindOps$FindOp.evaluateSequential(FindOps.java:152)
	at java.util.stream.AbstractPipeline.evaluate(AbstractPipeline.java:234)
	at java.util.stream.ReferencePipeline.findFirst(ReferencePipeline.java:464)
	at org.openqa.selenium.remote.ProtocolHandshake.createSession(ProtocolHandshake.java:128)
	at org.openqa.selenium.remote.ProtocolHandshake.createSession(ProtocolHandshake.java:74)
	at org.openqa.selenium.remote.HttpCommandExecutor.execute(HttpCommandExecutor.java:136)
	at org.openqa.selenium.remote.service.DriverCommandExecutor.execute(DriverCommandExecutor.java:83)
	at org.openqa.selenium.remote.RemoteWebDriver.execute(RemoteWebDriver.java:552)
	at org.openqa.selenium.remote.RemoteWebDriver.startSession(RemoteWebDriver.java:213)
	at org.openqa.selenium.remote.RemoteWebDriver.&lt;init&gt;(RemoteWebDriver.java:131)
	at org.openqa.selenium.chrome.ChromeDriver.&lt;init&gt;(ChromeDriver.java:181)
	at org.openqa.selenium.chrome.ChromeDriver.&lt;init&gt;(ChromeDriver.java:168)
	at org.openqa.selenium.chrome.ChromeDriver.&lt;init&gt;(ChromeDriver.java:123)
	at com.amazone1.qa.base.TestBase.initialization(TestBase.java:36)
	at com.amazone1.qa.testcases.HomePageTest.setUp(HomePageTest.java:28)
... Removed 41 stack frames</div></td></tr></table><p class="totop"><a href="#summary">back to summary</a></p><h3 id="m1">com.amazone1.qa.testcases.HomePageTest#setUp</h3><table class="result"></table><p class="totop"><a href="#summary">back to summary</a></p><h3 id="m2">com.amazone1.qa.testcases.HomePageTest#PageTitleVerification</h3><table class="result"><tr><th>Exception</th></tr><tr><td><div class="stacktrace">org.openqa.selenium.SessionNotCreatedException: session not created
from timeout: Timed out receiving message from renderer: 600.000
  (Session info: chrome=91.0.4472.124)
Build info: version: &apos;3.141.59&apos;, revision: &apos;e82be7d358&apos;, time: &apos;2018-11-14T08:17:03&apos;
System info: host: &apos;DESKTOP-AAFC7NS&apos;, ip: &apos;192.168.1.15&apos;, os.name: &apos;Windows 10&apos;, os.arch: &apos;amd64&apos;, os.version: &apos;10.0&apos;, java.version: &apos;1.8.0_291&apos;
Driver info: driver.version: ChromeDriver
remote stacktrace: Backtrace:
	Ordinal0 [0x007D2DB3+2502067]
	Ordinal0 [0x0076C5B1+2082225]
	Ordinal0 [0x00672498+1057944]
	Ordinal0 [0x00664D2F+1002799]
	Ordinal0 [0x00663D69+998761]
	Ordinal0 [0x00664026+999462]
	Ordinal0 [0x00663915+997653]
	Ordinal0 [0x0066A54D+1025357]
	Ordinal0 [0x006638D1+997585]
	Ordinal0 [0x006647F6+1001462]
	Ordinal0 [0x00663D69+998761]
	Ordinal0 [0x00664026+999462]
	Ordinal0 [0x00663915+997653]
	Ordinal0 [0x0066977C+1021820]
	Ordinal0 [0x006638D1+997585]
	Ordinal0 [0x006647F6+1001462]
	Ordinal0 [0x00663D69+998761]
	Ordinal0 [0x00664026+999462]
	Ordinal0 [0x00663915+997653]
	Ordinal0 [0x0065F42D+980013]
	Ordinal0 [0x006638D1+997585]
	Ordinal0 [0x00663670+996976]
	Ordinal0 [0x00663409+996361]
	Ordinal0 [0x006736A0+1062560]
	Ordinal0 [0x006BAA59+1354329]
	Ordinal0 [0x006B967A+1349242]
	Ordinal0 [0x006B5BEB+1334251]
	Ordinal0 [0x00692174+1188212]
	Ordinal0 [0x00693009+1191945]
	GetHandleVerifier [0x0094EC5C+1511084]
	GetHandleVerifier [0x009F8522+2205554]
	GetHandleVerifier [0x00853393+480739]
	GetHandleVerifier [0x00852579+477129]
	Ordinal0 [0x00771E5D+2104925]
	Ordinal0 [0x007763F8+2122744]
	Ordinal0 [0x00776537+2123063]
	Ordinal0 [0x0077EE53+2158163]
	BaseThreadInitThunk [0x76DFFA29+25]
	RtlGetAppContainerNamedObjectPath [0x77907A9E+286]
	RtlGetAppContainerNamedObjectPath [0x77907A6E+238]

	at org.openqa.selenium.remote.W3CHandshakeResponse.lambda$errorHandler$0(W3CHandshakeResponse.java:62)
	at org.openqa.selenium.remote.HandshakeResponse.lambda$getResponseFunction$0(HandshakeResponse.java:30)
	at org.openqa.selenium.remote.ProtocolHandshake.lambda$createSession$0(ProtocolHandshake.java:126)
	at java.util.stream.ReferencePipeline$3$1.accept(ReferencePipeline.java:193)
	at java.util.Spliterators$ArraySpliterator.tryAdvance(Spliterators.java:958)
	at java.util.stream.ReferencePipeline.forEachWithCancel(ReferencePipeline.java:126)
	at java.util.stream.AbstractPipeline.copyIntoWithCancel(AbstractPipeline.java:499)
	at java.util.stream.AbstractPipeline.copyInto(AbstractPipeline.java:486)
	at java.util.stream.AbstractPipeline.wrapAndCopyInto(AbstractPipeline.java:472)
	at java.util.stream.FindOps$FindOp.evaluateSequential(FindOps.java:152)
	at java.util.stream.AbstractPipeline.evaluate(AbstractPipeline.java:234)
	at java.util.stream.ReferencePipeline.findFirst(ReferencePipeline.java:464)
	at org.openqa.selenium.remote.ProtocolHandshake.createSession(ProtocolHandshake.java:128)
	at org.openqa.selenium.remote.ProtocolHandshake.createSession(ProtocolHandshake.java:74)
	at org.openqa.selenium.remote.HttpCommandExecutor.execute(HttpCommandExecutor.java:136)
	at org.openqa.selenium.remote.service.DriverCommandExecutor.execute(DriverCommandExecutor.java:83)
	at org.openqa.selenium.remote.RemoteWebDriver.execute(RemoteWebDriver.java:552)
	at org.openqa.selenium.remote.RemoteWebDriver.startSession(RemoteWebDriver.java:213)
	at org.openqa.selenium.remote.RemoteWebDriver.&lt;init&gt;(RemoteWebDriver.java:131)
	at org.openqa.selenium.chrome.ChromeDriver.&lt;init&gt;(ChromeDriver.java:181)
	at org.openqa.selenium.chrome.ChromeDriver.&lt;init&gt;(ChromeDriver.java:168)
	at org.openqa.selenium.chrome.ChromeDriver.&lt;init&gt;(ChromeDriver.java:123)
	at com.amazone1.qa.base.TestBase.initialization(TestBase.java:36)
	at com.amazone1.qa.testcases.HomePageTest.setUp(HomePageTest.java:28)
... Removed 41 stack frames</div></td></tr></table><p class="totop"><a href="#summary">back to summary</a></p><h3 id="m3">com.amazone1.qa.testcases.HomePageTest#loginClick</h3><table class="result"><tr><th>Exception</th></tr><tr><td><div class="stacktrace">org.openqa.selenium.SessionNotCreatedException: session not created
from timeout: Timed out receiving message from renderer: 600.000
  (Session info: chrome=91.0.4472.124)
Build info: version: &apos;3.141.59&apos;, revision: &apos;e82be7d358&apos;, time: &apos;2018-11-14T08:17:03&apos;
System info: host: &apos;DESKTOP-AAFC7NS&apos;, ip: &apos;192.168.1.15&apos;, os.name: &apos;Windows 10&apos;, os.arch: &apos;amd64&apos;, os.version: &apos;10.0&apos;, java.version: &apos;1.8.0_291&apos;
Driver info: driver.version: ChromeDriver
remote stacktrace: Backtrace:
	Ordinal0 [0x007D2DB3+2502067]
	Ordinal0 [0x0076C5B1+2082225]
	Ordinal0 [0x00672498+1057944]
	Ordinal0 [0x00664D2F+1002799]
	Ordinal0 [0x00663D69+998761]
	Ordinal0 [0x00664026+999462]
	Ordinal0 [0x00663915+997653]
	Ordinal0 [0x0066A54D+1025357]
	Ordinal0 [0x006638D1+997585]
	Ordinal0 [0x006647F6+1001462]
	Ordinal0 [0x00663D69+998761]
	Ordinal0 [0x00664026+999462]
	Ordinal0 [0x00663915+997653]
	Ordinal0 [0x0066977C+1021820]
	Ordinal0 [0x006638D1+997585]
	Ordinal0 [0x006647F6+1001462]
	Ordinal0 [0x00663D69+998761]
	Ordinal0 [0x00664026+999462]
	Ordinal0 [0x00663915+997653]
	Ordinal0 [0x0065F42D+980013]
	Ordinal0 [0x006638D1+997585]
	Ordinal0 [0x00663670+996976]
	Ordinal0 [0x00663409+996361]
	Ordinal0 [0x006736A0+1062560]
	Ordinal0 [0x006BAA59+1354329]
	Ordinal0 [0x006B967A+1349242]
	Ordinal0 [0x006B5BEB+1334251]
	Ordinal0 [0x00692174+1188212]
	Ordinal0 [0x00693009+1191945]
	GetHandleVerifier [0x0094EC5C+1511084]
	GetHandleVerifier [0x009F8522+2205554]
	GetHandleVerifier [0x00853393+480739]
	GetHandleVerifier [0x00852579+477129]
	Ordinal0 [0x00771E5D+2104925]
	Ordinal0 [0x007763F8+2122744]
	Ordinal0 [0x00776537+2123063]
	Ordinal0 [0x0077EE53+2158163]
	BaseThreadInitThunk [0x76DFFA29+25]
	RtlGetAppContainerNamedObjectPath [0x77907A9E+286]
	RtlGetAppContainerNamedObjectPath [0x77907A6E+238]

	at org.openqa.selenium.remote.W3CHandshakeResponse.lambda$errorHandler$0(W3CHandshakeResponse.java:62)
	at org.openqa.selenium.remote.HandshakeResponse.lambda$getResponseFunction$0(HandshakeResponse.java:30)
	at org.openqa.selenium.remote.ProtocolHandshake.lambda$createSession$0(ProtocolHandshake.java:126)
	at java.util.stream.ReferencePipeline$3$1.accept(ReferencePipeline.java:193)
	at java.util.Spliterators$ArraySpliterator.tryAdvance(Spliterators.java:958)
	at java.util.stream.ReferencePipeline.forEachWithCancel(ReferencePipeline.java:126)
	at java.util.stream.AbstractPipeline.copyIntoWithCancel(AbstractPipeline.java:499)
	at java.util.stream.AbstractPipeline.copyInto(AbstractPipeline.java:486)
	at java.util.stream.AbstractPipeline.wrapAndCopyInto(AbstractPipeline.java:472)
	at java.util.stream.FindOps$FindOp.evaluateSequential(FindOps.java:152)
	at java.util.stream.AbstractPipeline.evaluate(AbstractPipeline.java:234)
	at java.util.stream.ReferencePipeline.findFirst(ReferencePipeline.java:464)
	at org.openqa.selenium.remote.ProtocolHandshake.createSession(ProtocolHandshake.java:128)
	at org.openqa.selenium.remote.ProtocolHandshake.createSession(ProtocolHandshake.java:74)
	at org.openqa.selenium.remote.HttpCommandExecutor.execute(HttpCommandExecutor.java:136)
	at org.openqa.selenium.remote.service.DriverCommandExecutor.execute(DriverCommandExecutor.java:83)
	at org.openqa.selenium.remote.RemoteWebDriver.execute(RemoteWebDriver.java:552)
	at org.openqa.selenium.remote.RemoteWebDriver.startSession(RemoteWebDriver.java:213)
	at org.openqa.selenium.remote.RemoteWebDriver.&lt;init&gt;(RemoteWebDriver.java:131)
	at org.openqa.selenium.chrome.ChromeDriver.&lt;init&gt;(ChromeDriver.java:181)
	at org.openqa.selenium.chrome.ChromeDriver.&lt;init&gt;(ChromeDriver.java:168)
	at org.openqa.selenium.chrome.ChromeDriver.&lt;init&gt;(ChromeDriver.java:123)
	at com.amazone1.qa.base.TestBase.initialization(TestBase.java:36)
	at com.amazone1.qa.testcases.HomePageTest.setUp(HomePageTest.java:28)
... Removed 41 stack frames</div></td></tr></table><p class="totop"><a href="#summary">back to summary</a></p><h3 id="m4">com.amazone1.qa.testcases.LoginPageTest#PageTitleVerification</h3><table class="result"></table><p class="totop"><a href="#summary">back to summary</a></p><h3 id="m5">com.amazone1.qa.testcases.LoginPageTest#loginProcess</h3><table class="result"></table><p class="totop"><a href="#summary">back to summary</a></p><h3 id="m6">com.amazone1.qa.testcases.PaymentPageTest#paymentProcess</h3><table class="result"></table><p class="totop"><a href="#summary">back to summary</a></p><h3 id="m7">com.amazone1.qa.testcases.PaymentPageTest#verifyHeadingTest</h3><table class="result"></table><p class="totop"><a href="#summary">back to summary</a></p><h3 id="m8">com.amazone1.qa.testcases.ProductPageTest#productNameVerification</h3><table class="result"></table><p class="totop"><a href="#summary">back to summary</a></p><h3 id="m9">com.amazone1.qa.testcases.ProductPageTest#productPriceVerification</h3><table class="result"></table><p class="totop"><a href="#summary">back to summary</a></p><h3 id="m10">com.amazone1.qa.testcases.ProductPageTest#purchasingProduct</h3><table class="result"></table><p class="totop"><a href="#summary">back to summary</a></p><h3 id="m11">com.amazone1.qa.testcases.ProductPageTest#userNameVerification</h3><table class="result"></table><p class="totop"><a href="#summary">back to summary</a></p><h3 id="m12">com.amazone1.qa.testcases.SearchPageTest#searchItem</h3><table class="result"></table><p class="totop"><a href="#summary">back to summary</a></p><h3 id="m13">com.amazone1.qa.testcases.SearchPageTest#veifyUserName</h3><table class="result"></table><p class="totop"><a href="#summary">back to summary</a></p><h3 id="m14">com.amazone1.qa.testcases.SearchPageTest#verifyPageTitle</h3><table class="result"></table><p class="totop"><a href="#summary">back to summary</a></p></body></html>